# JRE version: Java(TM) SE Runtime Environment (8.0_31-b13) (build 1.8.0_31-b13)
# Java VM: Java HotSpot(TM) 64-Bit Server VM (25.31-b07 mixed mode windows-amd64 compressed oops)
Heap:
 PSYoungGen      total 216576K, used 93444K [0x0000000780a00000, 0x0000000791f80000, 0x00000007c0000000)
  eden space 196608K, 37% used [0x0000000780a00000,0x00000007851c18e0,0x000000078ca00000)
  from space 19968K, 99% used [0x000000078ca00000,0x000000078dd7fb00,0x000000078dd80000)
  to   space 31232K, 0% used [0x0000000790100000,0x0000000790100000,0x0000000791f80000)
 ParOldGen       total 188928K, used 59490K [0x0000000701e00000, 0x000000070d680000, 0x0000000780a00000)
  object space 188928K, 31% used [0x0000000701e00000,0x0000000705818b08,0x000000070d680000)
 Metaspace       used 64244K, capacity 68896K, committed 69208K, reserved 1110016K
  class space    used 8747K, capacity 9487K, committed 9600K, reserved 1048576K
GC Heap History (10 events):
Event: 18.807 GC heap before
{Heap before GC invocations=14 (full 2):
 PSYoungGen      total 156160K, used 156159K [0x0000000780a00000, 0x000000078ca00000, 0x00000007c0000000)
  eden space 144384K, 100% used [0x0000000780a00000,0x0000000789700000,0x0000000789700000)
  from space 11776K, 99% used [0x0000000789700000,0x000000078a27fd48,0x000000078a280000)
  to   space 13312K, 0% used [0x000000078bd00000,0x000000078bd00000,0x000000078ca00000)
 ParOldGen       total 125952K, used 15714K [0x0000000701e00000, 0x0000000709900000, 0x0000000780a00000)
  object space 125952K, 12% used [0x0000000701e00000,0x0000000702d58950,0x0000000709900000)
 Metaspace       used 49552K, capacity 53492K, committed 53632K, reserved 1095680K
  class space    used 6660K, capacity 7284K, committed 7296K, reserved 1048576K
Event: 18.842 GC heap after
Heap after GC invocations=14 (full 2):
 PSYoungGen      total 183808K, used 5759K [0x0000000780a00000, 0x000000078cd00000, 0x00000007c0000000)
  eden space 170496K, 0% used [0x0000000780a00000,0x0000000780a00000,0x000000078b080000)
  from space 13312K, 43% used [0x000000078bd00000,0x000000078c29feb0,0x000000078ca00000)
  to   space 12800K, 0% used [0x000000078b080000,0x000000078b080000,0x000000078bd00000)
 ParOldGen       total 125952K, used 20982K [0x0000000701e00000, 0x0000000709900000, 0x0000000780a00000)
  object space 125952K, 16% used [0x0000000701e00000,0x000000070327d9b8,0x0000000709900000)
 Metaspace       used 49552K, capacity 53492K, committed 53632K, reserved 1095680K
  class space    used 6660K, capacity 7284K, committed 7296K, reserved 1048576K
}
Event: 22.569 GC heap before
{Heap before GC invocations=15 (full 2):
 PSYoungGen      total 183808K, used 133707K [0x0000000780a00000, 0x000000078cd00000, 0x00000007c0000000)
  eden space 170496K, 75% used [0x0000000780a00000,0x00000007886f2ee0,0x000000078b080000)
  from space 13312K, 43% used [0x000000078bd00000,0x000000078c29feb0,0x000000078ca00000)
  to   space 12800K, 0% used [0x000000078b080000,0x000000078b080000,0x000000078bd00000)
 ParOldGen       total 125952K, used 20982K [0x0000000701e00000, 0x0000000709900000, 0x0000000780a00000)
  object space 125952K, 16% used [0x0000000701e00000,0x000000070327d9b8,0x0000000709900000)
 Metaspace       used 55036K, capacity 59020K, committed 59096K, reserved 1099776K
  class space    used 7517K, capacity 8175K, committed 8192K, reserved 1048576K
Event: 22.614 GC heap after
Heap after GC invocations=15 (full 2):
 PSYoungGen      total 183296K, used 12772K [0x0000000780a00000, 0x000000078ef80000, 0x00000007c0000000)
  eden space 170496K, 0% used [0x0000000780a00000,0x0000000780a00000,0x000000078b080000)
  from space 12800K, 99% used [0x000000078b080000,0x000000078bcf9128,0x000000078bd00000)
  to   space 14848K, 0% used [0x000000078e100000,0x000000078e100000,0x000000078ef80000)
 ParOldGen       total 125952K, used 22651K [0x0000000701e00000, 0x0000000709900000, 0x0000000780a00000)
  object space 125952K, 17% used [0x0000000701e00000,0x000000070341ef30,0x0000000709900000)
 Metaspace       used 55036K, capacity 59020K, committed 59096K, reserved 1099776K
  class space    used 7517K, capacity 8175K, committed 8192K, reserved 1048576K
}
Event: 22.614 GC heap before
{Heap before GC invocations=16 (full 3):
 PSYoungGen      total 183296K, used 12772K [0x0000000780a00000, 0x000000078ef80000, 0x00000007c0000000)
  eden space 170496K, 0% used [0x0000000780a00000,0x0000000780a00000,0x000000078b080000)
  from space 12800K, 99% used [0x000000078b080000,0x000000078bcf9128,0x000000078bd00000)
  to   space 14848K, 0% used [0x000000078e100000,0x000000078e100000,0x000000078ef80000)
 ParOldGen       total 125952K, used 22651K [0x0000000701e00000, 0x0000000709900000, 0x0000000780a00000)
  object space 125952K, 17% used [0x0000000701e00000,0x000000070341ef30,0x0000000709900000)
 Metaspace       used 55036K, capacity 59020K, committed 59096K, reserved 1099776K
  class space    used 7517K, capacity 8175K, committed 8192K, reserved 1048576K
Event: 23.122 GC heap after
Heap after GC invocations=16 (full 3):
 PSYoungGen      total 183296K, used 0K [0x0000000780a00000, 0x000000078ef80000, 0x00000007c0000000)
  eden space 170496K, 0% used [0x0000000780a00000,0x0000000780a00000,0x000000078b080000)
  from space 12800K, 0% used [0x000000078b080000,0x000000078b080000,0x000000078bd00000)
  to   space 14848K, 0% used [0x000000078e100000,0x000000078e100000,0x000000078ef80000)
 ParOldGen       total 188928K, used 28450K [0x0000000701e00000, 0x000000070d680000, 0x0000000780a00000)
  object space 188928K, 15% used [0x0000000701e00000,0x00000007039c89d8,0x000000070d680000)
 Metaspace       used 55034K, capacity 59018K, committed 59096K, reserved 1099776K
  class space    used 7516K, capacity 8174K, committed 8192K, reserved 1048576K
}
Event: 38.462 GC heap before
{Heap before GC invocations=17 (full 3):
 PSYoungGen      total 183296K, used 170085K [0x0000000780a00000, 0x000000078ef80000, 0x00000007c0000000)
  eden space 170496K, 99% used [0x0000000780a00000,0x000000078b0194f0,0x000000078b080000)
  from space 12800K, 0% used [0x000000078b080000,0x000000078b080000,0x000000078bd00000)
  to   space 14848K, 0% used [0x000000078e100000,0x000000078e100000,0x000000078ef80000)
 ParOldGen       total 188928K, used 28450K [0x0000000701e00000, 0x000000070d680000, 0x0000000780a00000)
  object space 188928K, 15% used [0x0000000701e00000,0x00000007039c89d8,0x000000070d680000)
 Metaspace       used 63150K, capacity 67784K, committed 68056K, reserved 1107968K
  class space    used 8702K, capacity 9453K, committed 9472K, reserved 1048576K
Event: 38.477 GC heap after
Heap after GC invocations=17 (full 3):
 PSYoungGen      total 211456K, used 14830K [0x0000000780a00000, 0x000000078f100000, 0x00000007c0000000)
  eden space 196608K, 0% used [0x0000000780a00000,0x0000000780a00000,0x000000078ca00000)
  from space 14848K, 99% used [0x000000078e100000,0x000000078ef7ba58,0x000000078ef80000)
  to   space 19968K, 0% used [0x000000078ca00000,0x000000078ca00000,0x000000078dd80000)
 ParOldGen       total 188928K, used 36616K [0x0000000701e00000, 0x000000070d680000, 0x0000000780a00000)
  object space 188928K, 19% used [0x0000000701e00000,0x00000007041c2098,0x000000070d680000)
 Metaspace       used 63150K, capacity 67784K, committed 68056K, reserved 1107968K
  class space    used 8702K, capacity 9453K, committed 9472K, reserved 1048576K
}
Event: 51.272 GC heap before
{Heap before GC invocations=18 (full 3):
 PSYoungGen      total 211456K, used 211438K [0x0000000780a00000, 0x000000078f100000, 0x00000007c0000000)
  eden space 196608K, 100% used [0x0000000780a00000,0x000000078ca00000,0x000000078ca00000)
  from space 14848K, 99% used [0x000000078e100000,0x000000078ef7ba58,0x000000078ef80000)
  to   space 19968K, 0% used [0x000000078ca00000,0x000000078ca00000,0x000000078dd80000)
 ParOldGen       total 188928K, used 36616K [0x0000000701e00000, 0x000000070d680000, 0x0000000780a00000)
  object space 188928K, 19% used [0x0000000701e00000,0x00000007041c2098,0x000000070d680000)
 Metaspace       used 63925K, capacity 68484K, committed 68568K, reserved 1107968K
  class space    used 8718K, capacity 9463K, committed 9472K, reserved 1048576K
Event: 51.290 GC heap after
Heap after GC invocations=18 (full 3):
 PSYoungGen      total 216576K, used 19966K [0x0000000780a00000, 0x0000000791f80000, 0x00000007c0000000)
  eden space 196608K, 0% used [0x0000000780a00000,0x0000000780a00000,0x000000078ca00000)
  from space 19968K, 99% used [0x000000078ca00000,0x000000078dd7fb00,0x000000078dd80000)
  to   space 31232K, 0% used [0x0000000790100000,0x0000000790100000,0x0000000791f80000)
 ParOldGen       total 188928K, used 59490K [0x0000000701e00000, 0x000000070d680000, 0x0000000780a00000)
  object space 188928K, 31% used [0x0000000701e00000,0x0000000705818b08,0x000000070d680000)
 Metaspace       used 63925K, capacity 68484K, committed 68568K, reserved 1107968K
  class space    used 8718K, capacity 9463K, committed 9472K, reserved 1048576K
}

