# JRE version: Java(TM) SE Runtime Environment (8.0_31-b13) (build 1.8.0_31-b13)
# Java VM: Java HotSpot(TM) 64-Bit Server VM (25.31-b07 mixed mode windows-amd64 compressed oops)
Heap:
 PSYoungGen      total 314368K, used 234411K [0x0000000780a00000, 0x0000000796c00000, 0x00000007c0000000)
  eden space 297984K, 73% used [0x0000000780a00000,0x000000078deedcc0,0x0000000792d00000)
  from space 16384K, 99% used [0x0000000794a00000,0x00000007959fd290,0x0000000795a00000)
  to   space 29696K, 0% used [0x0000000792d00000,0x0000000792d00000,0x0000000794a00000)
 ParOldGen       total 172032K, used 56278K [0x0000000701e00000, 0x000000070c600000, 0x0000000780a00000)
  object space 172032K, 32% used [0x0000000701e00000,0x00000007054f5ad0,0x000000070c600000)
 Metaspace       used 64009K, capacity 68616K, committed 68824K, reserved 1107968K
  class space    used 8699K, capacity 9443K, committed 9472K, reserved 1048576K
GC Heap History (10 events):
Event: 11.963 GC heap before
{Heap before GC invocations=11 (full 2):
 PSYoungGen      total 230912K, used 230814K [0x0000000780a00000, 0x0000000791f00000, 0x00000007c0000000)
  eden space 222208K, 100% used [0x0000000780a00000,0x000000078e300000,0x000000078e300000)
  from space 8704K, 98% used [0x0000000791680000,0x0000000791ee7910,0x0000000791f00000)
  to   space 9728K, 0% used [0x0000000790c00000,0x0000000790c00000,0x0000000791580000)
 ParOldGen       total 115200K, used 13225K [0x0000000701e00000, 0x0000000708e80000, 0x0000000780a00000)
  object space 115200K, 11% used [0x0000000701e00000,0x0000000702aea7e0,0x0000000708e80000)
 Metaspace       used 47106K, capacity 50594K, committed 50688K, reserved 1093632K
  class space    used 6323K, capacity 6895K, committed 6912K, reserved 1048576K
Event: 11.984 GC heap after
Heap after GC invocations=11 (full 2):
 PSYoungGen      total 273920K, used 9704K [0x0000000780a00000, 0x0000000792400000, 0x00000007c0000000)
  eden space 264192K, 0% used [0x0000000780a00000,0x0000000780a00000,0x0000000790c00000)
  from space 9728K, 99% used [0x0000000790c00000,0x000000079157a040,0x0000000791580000)
  to   space 12288K, 0% used [0x0000000791800000,0x0000000791800000,0x0000000792400000)
 ParOldGen       total 115200K, used 18274K [0x0000000701e00000, 0x0000000708e80000, 0x0000000780a00000)
  object space 115200K, 15% used [0x0000000701e00000,0x0000000702fd8a68,0x0000000708e80000)
 Metaspace       used 47106K, capacity 50594K, committed 50688K, reserved 1093632K
  class space    used 6323K, capacity 6895K, committed 6912K, reserved 1048576K
}
Event: 14.924 GC heap before
{Heap before GC invocations=12 (full 2):
 PSYoungGen      total 273920K, used 273896K [0x0000000780a00000, 0x0000000792400000, 0x00000007c0000000)
  eden space 264192K, 100% used [0x0000000780a00000,0x0000000790c00000,0x0000000790c00000)
  from space 9728K, 99% used [0x0000000790c00000,0x000000079157a040,0x0000000791580000)
  to   space 12288K, 0% used [0x0000000791800000,0x0000000791800000,0x0000000792400000)
 ParOldGen       total 115200K, used 18274K [0x0000000701e00000, 0x0000000708e80000, 0x0000000780a00000)
  object space 115200K, 15% used [0x0000000701e00000,0x0000000702fd8a68,0x0000000708e80000)
 Metaspace       used 53628K, capacity 57540K, committed 57728K, reserved 1099776K
  class space    used 7337K, capacity 7979K, committed 8064K, reserved 1048576K
Event: 14.962 GC heap after
Heap after GC invocations=12 (full 2):
 PSYoungGen      total 272384K, used 12263K [0x0000000780a00000, 0x0000000795c00000, 0x00000007c0000000)
  eden space 260096K, 0% used [0x0000000780a00000,0x0000000780a00000,0x0000000790800000)
  from space 12288K, 99% used [0x0000000791800000,0x00000007923f9ea8,0x0000000792400000)
  to   space 16384K, 0% used [0x0000000790800000,0x0000000790800000,0x0000000791800000)
 ParOldGen       total 115200K, used 25835K [0x0000000701e00000, 0x0000000708e80000, 0x0000000780a00000)
  object space 115200K, 22% used [0x0000000701e00000,0x000000070373ad10,0x0000000708e80000)
 Metaspace       used 53628K, capacity 57540K, committed 57728K, reserved 1099776K
  class space    used 7337K, capacity 7979K, committed 8064K, reserved 1048576K
}
Event: 15.895 GC heap before
{Heap before GC invocations=13 (full 2):
 PSYoungGen      total 272384K, used 31398K [0x0000000780a00000, 0x0000000795c00000, 0x00000007c0000000)
  eden space 260096K, 7% used [0x0000000780a00000,0x0000000781cafa48,0x0000000790800000)
  from space 12288K, 99% used [0x0000000791800000,0x00000007923f9ea8,0x0000000792400000)
  to   space 16384K, 0% used [0x0000000790800000,0x0000000790800000,0x0000000791800000)
 ParOldGen       total 115200K, used 25835K [0x0000000701e00000, 0x0000000708e80000, 0x0000000780a00000)
  object space 115200K, 22% used [0x0000000701e00000,0x000000070373ad10,0x0000000708e80000)
 Metaspace       used 55088K, capacity 59016K, committed 59096K, reserved 1099776K
  class space    used 7533K, capacity 8173K, committed 8192K, reserved 1048576K
Event: 15.912 GC heap after
Heap after GC invocations=13 (full 2):
 PSYoungGen      total 276480K, used 12173K [0x0000000780a00000, 0x0000000795a00000, 0x00000007c0000000)
  eden space 260096K, 0% used [0x0000000780a00000,0x0000000780a00000,0x0000000790800000)
  from space 16384K, 74% used [0x0000000790800000,0x00000007913e35d0,0x0000000791800000)
  to   space 16384K, 0% used [0x0000000794a00000,0x0000000794a00000,0x0000000795a00000)
 ParOldGen       total 115200K, used 27787K [0x0000000701e00000, 0x0000000708e80000, 0x0000000780a00000)
  object space 115200K, 24% used [0x0000000701e00000,0x0000000703922d60,0x0000000708e80000)
 Metaspace       used 55088K, capacity 59016K, committed 59096K, reserved 1099776K
  class space    used 7533K, capacity 8173K, committed 8192K, reserved 1048576K
}
Event: 15.912 GC heap before
{Heap before GC invocations=14 (full 3):
 PSYoungGen      total 276480K, used 12173K [0x0000000780a00000, 0x0000000795a00000, 0x00000007c0000000)
  eden space 260096K, 0% used [0x0000000780a00000,0x0000000780a00000,0x0000000790800000)
  from space 16384K, 74% used [0x0000000790800000,0x00000007913e35d0,0x0000000791800000)
  to   space 16384K, 0% used [0x0000000794a00000,0x0000000794a00000,0x0000000795a00000)
 ParOldGen       total 115200K, used 27787K [0x0000000701e00000, 0x0000000708e80000, 0x0000000780a00000)
  object space 115200K, 24% used [0x0000000701e00000,0x0000000703922d60,0x0000000708e80000)
 Metaspace       used 55088K, capacity 59016K, committed 59096K, reserved 1099776K
  class space    used 7533K, capacity 8173K, committed 8192K, reserved 1048576K
Event: 16.195 GC heap after
Heap after GC invocations=14 (full 3):
 PSYoungGen      total 276480K, used 0K [0x0000000780a00000, 0x0000000795a00000, 0x00000007c0000000)
  eden space 260096K, 0% used [0x0000000780a00000,0x0000000780a00000,0x0000000790800000)
  from space 16384K, 0% used [0x0000000790800000,0x0000000790800000,0x0000000791800000)
  to   space 16384K, 0% used [0x0000000794a00000,0x0000000794a00000,0x0000000795a00000)
 ParOldGen       total 172032K, used 24957K [0x0000000701e00000, 0x000000070c600000, 0x0000000780a00000)
  object space 172032K, 14% used [0x0000000701e00000,0x000000070365f4f8,0x000000070c600000)
 Metaspace       used 55086K, capacity 59014K, committed 59096K, reserved 1099776K
  class space    used 7532K, capacity 8172K, committed 8192K, reserved 1048576K
}
Event: 29.643 GC heap before
{Heap before GC invocations=15 (full 3):
 PSYoungGen      total 276480K, used 260096K [0x0000000780a00000, 0x0000000795a00000, 0x00000007c0000000)
  eden space 260096K, 100% used [0x0000000780a00000,0x0000000790800000,0x0000000790800000)
  from space 16384K, 0% used [0x0000000790800000,0x0000000790800000,0x0000000791800000)
  to   space 16384K, 0% used [0x0000000794a00000,0x0000000794a00000,0x0000000795a00000)
 ParOldGen       total 172032K, used 24957K [0x0000000701e00000, 0x000000070c600000, 0x0000000780a00000)
  object space 172032K, 14% used [0x0000000701e00000,0x000000070365f4f8,0x000000070c600000)
 Metaspace       used 63534K, capacity 68056K, committed 68312K, reserved 1107968K
  class space    used 8690K, capacity 9435K, committed 9472K, reserved 1048576K
Event: 29.663 GC heap after
Heap after GC invocations=15 (full 3):
 PSYoungGen      total 314368K, used 16372K [0x0000000780a00000, 0x0000000796c00000, 0x00000007c0000000)
  eden space 297984K, 0% used [0x0000000780a00000,0x0000000780a00000,0x0000000792d00000)
  from space 16384K, 99% used [0x0000000794a00000,0x00000007959fd290,0x0000000795a00000)
  to   space 29696K, 0% used [0x0000000792d00000,0x0000000792d00000,0x0000000794a00000)
 ParOldGen       total 172032K, used 56278K [0x0000000701e00000, 0x000000070c600000, 0x0000000780a00000)
  object space 172032K, 32% used [0x0000000701e00000,0x00000007054f5ad0,0x000000070c600000)
 Metaspace       used 63534K, capacity 68056K, committed 68312K, reserved 1107968K
  class space    used 8690K, capacity 9435K, committed 9472K, reserved 1048576K
}

