# JRE version: Java(TM) SE Runtime Environment (8.0_31-b13) (build 1.8.0_31-b13)
# Java VM: Java HotSpot(TM) 64-Bit Server VM (25.31-b07 mixed mode windows-amd64 compressed oops)
Heap:
 PSYoungGen      total 268288K, used 91483K [0x0000000780a00000, 0x0000000795b80000, 0x00000007c0000000)
  eden space 247296K, 28% used [0x0000000780a00000,0x0000000784ed7d70,0x000000078fb80000)
  from space 20992K, 99% used [0x0000000791a80000,0x0000000792eff1d0,0x0000000792f00000)
  to   space 31744K, 0% used [0x000000078fb80000,0x000000078fb80000,0x0000000791a80000)
 ParOldGen       total 97280K, used 55873K [0x0000000701e00000, 0x0000000707d00000, 0x0000000780a00000)
  object space 97280K, 57% used [0x0000000701e00000,0x0000000705490490,0x0000000707d00000)
 Metaspace       used 52600K, capacity 56418K, committed 56704K, reserved 1097728K
  class space    used 7109K, capacity 7728K, committed 7808K, reserved 1048576K
GC Heap History (10 events):
Event: 5.336 GC heap before
{Heap before GC invocations=10 (full 1):
 PSYoungGen      total 171520K, used 64031K [0x0000000780a00000, 0x000000078be00000, 0x00000007c0000000)
  eden space 162816K, 33% used [0x0000000780a00000,0x000000078400e4e0,0x000000078a900000)
  from space 8704K, 99% used [0x000000078b580000,0x000000078bdf9980,0x000000078be00000)
  to   space 10752K, 0% used [0x000000078a900000,0x000000078a900000,0x000000078b380000)
 ParOldGen       total 61440K, used 6158K [0x0000000701e00000, 0x0000000705a00000, 0x0000000780a00000)
  object space 61440K, 10% used [0x0000000701e00000,0x0000000702403b20,0x0000000705a00000)
 Metaspace       used 32580K, capacity 35444K, committed 35496K, reserved 1079296K
  class space    used 4378K, capacity 4850K, committed 4864K, reserved 1048576K
Event: 5.346 GC heap after
Heap after GC invocations=10 (full 1):
 PSYoungGen      total 173568K, used 7368K [0x0000000780a00000, 0x0000000790800000, 0x00000007c0000000)
  eden space 162816K, 0% used [0x0000000780a00000,0x0000000780a00000,0x000000078a900000)
  from space 10752K, 68% used [0x000000078a900000,0x000000078b0323c8,0x000000078b380000)
  to   space 10752K, 0% used [0x000000078fd80000,0x000000078fd80000,0x0000000790800000)
 ParOldGen       total 61440K, used 7562K [0x0000000701e00000, 0x0000000705a00000, 0x0000000780a00000)
  object space 61440K, 12% used [0x0000000701e00000,0x0000000702562b50,0x0000000705a00000)
 Metaspace       used 32580K, capacity 35444K, committed 35496K, reserved 1079296K
  class space    used 4378K, capacity 4850K, committed 4864K, reserved 1048576K
}
Event: 5.346 GC heap before
{Heap before GC invocations=11 (full 2):
 PSYoungGen      total 173568K, used 7368K [0x0000000780a00000, 0x0000000790800000, 0x00000007c0000000)
  eden space 162816K, 0% used [0x0000000780a00000,0x0000000780a00000,0x000000078a900000)
  from space 10752K, 68% used [0x000000078a900000,0x000000078b0323c8,0x000000078b380000)
  to   space 10752K, 0% used [0x000000078fd80000,0x000000078fd80000,0x0000000790800000)
 ParOldGen       total 61440K, used 7562K [0x0000000701e00000, 0x0000000705a00000, 0x0000000780a00000)
  object space 61440K, 12% used [0x0000000701e00000,0x0000000702562b50,0x0000000705a00000)
 Metaspace       used 32580K, capacity 35444K, committed 35496K, reserved 1079296K
  class space    used 4378K, capacity 4850K, committed 4864K, reserved 1048576K
Event: 5.491 GC heap after
Heap after GC invocations=11 (full 2):
 PSYoungGen      total 173568K, used 0K [0x0000000780a00000, 0x0000000790800000, 0x00000007c0000000)
  eden space 162816K, 0% used [0x0000000780a00000,0x0000000780a00000,0x000000078a900000)
  from space 10752K, 0% used [0x000000078a900000,0x000000078a900000,0x000000078b380000)
  to   space 10752K, 0% used [0x000000078fd80000,0x000000078fd80000,0x0000000790800000)
 ParOldGen       total 97280K, used 14078K [0x0000000701e00000, 0x0000000707d00000, 0x0000000780a00000)
  object space 97280K, 14% used [0x0000000701e00000,0x0000000702bbfb38,0x0000000707d00000)
 Metaspace       used 32579K, capacity 35442K, committed 35496K, reserved 1079296K
  class space    used 4377K, capacity 4849K, committed 4864K, reserved 1048576K
}
Event: 7.241 GC heap before
{Heap before GC invocations=12 (full 2):
 PSYoungGen      total 173568K, used 162816K [0x0000000780a00000, 0x0000000790800000, 0x00000007c0000000)
  eden space 162816K, 100% used [0x0000000780a00000,0x000000078a900000,0x000000078a900000)
  from space 10752K, 0% used [0x000000078a900000,0x000000078a900000,0x000000078b380000)
  to   space 10752K, 0% used [0x000000078fd80000,0x000000078fd80000,0x0000000790800000)
 ParOldGen       total 97280K, used 14078K [0x0000000701e00000, 0x0000000707d00000, 0x0000000780a00000)
  object space 97280K, 14% used [0x0000000701e00000,0x0000000702bbfb38,0x0000000707d00000)
 Metaspace       used 40634K, capacity 43772K, committed 44032K, reserved 1087488K
  class space    used 5568K, capacity 6053K, committed 6144K, reserved 1048576K
Event: 7.260 GC heap after
Heap after GC invocations=12 (full 2):
 PSYoungGen      total 218624K, used 10736K [0x0000000780a00000, 0x0000000790800000, 0x00000007c0000000)
  eden space 207872K, 0% used [0x0000000780a00000,0x0000000780a00000,0x000000078d500000)
  from space 10752K, 99% used [0x000000078fd80000,0x00000007907fc2b0,0x0000000790800000)
  to   space 12800K, 0% used [0x000000078ef00000,0x000000078ef00000,0x000000078fb80000)
 ParOldGen       total 97280K, used 17331K [0x0000000701e00000, 0x0000000707d00000, 0x0000000780a00000)
  object space 97280K, 17% used [0x0000000701e00000,0x0000000702eece30,0x0000000707d00000)
 Metaspace       used 40634K, capacity 43772K, committed 44032K, reserved 1087488K
  class space    used 5568K, capacity 6053K, committed 6144K, reserved 1048576K
}
Event: 12.381 GC heap before
{Heap before GC invocations=13 (full 2):
 PSYoungGen      total 218624K, used 218608K [0x0000000780a00000, 0x0000000790800000, 0x00000007c0000000)
  eden space 207872K, 100% used [0x0000000780a00000,0x000000078d500000,0x000000078d500000)
  from space 10752K, 99% used [0x000000078fd80000,0x00000007907fc2b0,0x0000000790800000)
  to   space 12800K, 0% used [0x000000078ef00000,0x000000078ef00000,0x000000078fb80000)
 ParOldGen       total 97280K, used 17331K [0x0000000701e00000, 0x0000000707d00000, 0x0000000780a00000)
  object space 97280K, 17% used [0x0000000701e00000,0x0000000702eece30,0x0000000707d00000)
 Metaspace       used 51063K, capacity 54826K, committed 55040K, reserved 1097728K
  class space    used 7031K, capacity 7626K, committed 7680K, reserved 1048576K
Event: 12.402 GC heap after
Heap after GC invocations=13 (full 2):
 PSYoungGen      total 247296K, used 12785K [0x0000000780a00000, 0x0000000792f00000, 0x00000007c0000000)
  eden space 234496K, 0% used [0x0000000780a00000,0x0000000780a00000,0x000000078ef00000)
  from space 12800K, 99% used [0x000000078ef00000,0x000000078fb7c700,0x000000078fb80000)
  to   space 20992K, 0% used [0x0000000791a80000,0x0000000791a80000,0x0000000792f00000)
 ParOldGen       total 97280K, used 36007K [0x0000000701e00000, 0x0000000707d00000, 0x0000000780a00000)
  object space 97280K, 37% used [0x0000000701e00000,0x0000000704129f98,0x0000000707d00000)
 Metaspace       used 51063K, capacity 54826K, committed 55040K, reserved 1097728K
  class space    used 7031K, capacity 7626K, committed 7680K, reserved 1048576K
}
Event: 38.374 GC heap before
{Heap before GC invocations=14 (full 2):
 PSYoungGen      total 247296K, used 247281K [0x0000000780a00000, 0x0000000792f00000, 0x00000007c0000000)
  eden space 234496K, 100% used [0x0000000780a00000,0x000000078ef00000,0x000000078ef00000)
  from space 12800K, 99% used [0x000000078ef00000,0x000000078fb7c700,0x000000078fb80000)
  to   space 20992K, 0% used [0x0000000791a80000,0x0000000791a80000,0x0000000792f00000)
 ParOldGen       total 97280K, used 36007K [0x0000000701e00000, 0x0000000707d00000, 0x0000000780a00000)
  object space 97280K, 37% used [0x0000000701e00000,0x0000000704129f98,0x0000000707d00000)
 Metaspace       used 52196K, capacity 55960K, committed 56064K, reserved 1097728K
  class space    used 7075K, capacity 7671K, committed 7680K, reserved 1048576K
Event: 38.394 GC heap after
Heap after GC invocations=14 (full 2):
 PSYoungGen      total 268288K, used 20988K [0x0000000780a00000, 0x0000000795b80000, 0x00000007c0000000)
  eden space 247296K, 0% used [0x0000000780a00000,0x0000000780a00000,0x000000078fb80000)
  from space 20992K, 99% used [0x0000000791a80000,0x0000000792eff1d0,0x0000000792f00000)
  to   space 31744K, 0% used [0x000000078fb80000,0x000000078fb80000,0x0000000791a80000)
 ParOldGen       total 97280K, used 55873K [0x0000000701e00000, 0x0000000707d00000, 0x0000000780a00000)
  object space 97280K, 57% used [0x0000000701e00000,0x0000000705490490,0x0000000707d00000)
 Metaspace       used 52196K, capacity 55960K, committed 56064K, reserved 1097728K
  class space    used 7075K, capacity 7671K, committed 7680K, reserved 1048576K
}

