# JRE version: Java(TM) SE Runtime Environment (8.0_31-b13) (build 1.8.0_31-b13)
# Java VM: Java HotSpot(TM) 64-Bit Server VM (25.31-b07 mixed mode windows-amd64 compressed oops)
Heap:
 PSYoungGen      total 301568K, used 282511K [0x0000000780a00000, 0x0000000799800000, 0x00000007c0000000)
  eden space 287744K, 93% used [0x0000000780a00000,0x00000007910655a0,0x0000000792300000)
  from space 13824K, 99% used [0x0000000792300000,0x000000079307e710,0x0000000793080000)
  to   space 29696K, 0% used [0x0000000797b00000,0x0000000797b00000,0x0000000799800000)
 ParOldGen       total 97280K, used 56055K [0x0000000701e00000, 0x0000000707d00000, 0x0000000780a00000)
  object space 97280K, 57% used [0x0000000701e00000,0x00000007054bdc18,0x0000000707d00000)
 Metaspace       used 52610K, capacity 56534K, committed 56704K, reserved 1097728K
  class space    used 7110K, capacity 7788K, committed 7808K, reserved 1048576K
GC Heap History (10 events):
Event: 4.932 GC heap before
{Heap before GC invocations=7 (full 1):
 PSYoungGen      total 106496K, used 106478K [0x0000000780a00000, 0x000000078c980000, 0x00000007c0000000)
  eden space 98304K, 100% used [0x0000000780a00000,0x0000000786a00000,0x0000000786a00000)
  from space 8192K, 99% used [0x0000000786a00000,0x00000007871fb908,0x0000000787200000)
  to   space 9728K, 0% used [0x000000078c000000,0x000000078c000000,0x000000078c980000)
 ParOldGen       total 64512K, used 6254K [0x0000000701e00000, 0x0000000705d00000, 0x0000000780a00000)
  object space 64512K, 9% used [0x0000000701e00000,0x000000070241bbb0,0x0000000705d00000)
 Metaspace       used 30225K, capacity 32856K, committed 33024K, reserved 1077248K
  class space    used 4068K, capacity 4492K, committed 4608K, reserved 1048576K
Event: 4.940 GC heap after
Heap after GC invocations=7 (full 1):
 PSYoungGen      total 180736K, used 8270K [0x0000000780a00000, 0x000000078c880000, 0x00000007c0000000)
  eden space 172032K, 0% used [0x0000000780a00000,0x0000000780a00000,0x000000078b200000)
  from space 8704K, 95% used [0x000000078c000000,0x000000078c813b38,0x000000078c880000)
  to   space 9728K, 0% used [0x000000078b580000,0x000000078b580000,0x000000078bf00000)
 ParOldGen       total 64512K, used 6262K [0x0000000701e00000, 0x0000000705d00000, 0x0000000780a00000)
  object space 64512K, 9% used [0x0000000701e00000,0x000000070241dbb0,0x0000000705d00000)
 Metaspace       used 30225K, capacity 32856K, committed 33024K, reserved 1077248K
  class space    used 4068K, capacity 4492K, committed 4608K, reserved 1048576K
}
Event: 5.801 GC heap before
{Heap before GC invocations=8 (full 1):
 PSYoungGen      total 180736K, used 147186K [0x0000000780a00000, 0x000000078c880000, 0x00000007c0000000)
  eden space 172032K, 80% used [0x0000000780a00000,0x00000007891a8eb8,0x000000078b200000)
  from space 8704K, 95% used [0x000000078c000000,0x000000078c813b38,0x000000078c880000)
  to   space 9728K, 0% used [0x000000078b580000,0x000000078b580000,0x000000078bf00000)
 ParOldGen       total 64512K, used 6262K [0x0000000701e00000, 0x0000000705d00000, 0x0000000780a00000)
  object space 64512K, 9% used [0x0000000701e00000,0x000000070241dbb0,0x0000000705d00000)
 Metaspace       used 32575K, capacity 35444K, committed 35496K, reserved 1079296K
  class space    used 4378K, capacity 4850K, committed 4864K, reserved 1048576K
Event: 5.812 GC heap after
Heap after GC invocations=8 (full 1):
 PSYoungGen      total 185344K, used 9710K [0x0000000780a00000, 0x0000000793e00000, 0x00000007c0000000)
  eden space 175616K, 0% used [0x0000000780a00000,0x0000000780a00000,0x000000078b580000)
  from space 9728K, 99% used [0x000000078b580000,0x000000078befbb08,0x000000078bf00000)
  to   space 10752K, 0% used [0x0000000793380000,0x0000000793380000,0x0000000793e00000)
 ParOldGen       total 64512K, used 6571K [0x0000000701e00000, 0x0000000705d00000, 0x0000000780a00000)
  object space 64512K, 10% used [0x0000000701e00000,0x000000070246aed8,0x0000000705d00000)
 Metaspace       used 32575K, capacity 35444K, committed 35496K, reserved 1079296K
  class space    used 4378K, capacity 4850K, committed 4864K, reserved 1048576K
}
Event: 5.812 GC heap before
{Heap before GC invocations=9 (full 2):
 PSYoungGen      total 185344K, used 9710K [0x0000000780a00000, 0x0000000793e00000, 0x00000007c0000000)
  eden space 175616K, 0% used [0x0000000780a00000,0x0000000780a00000,0x000000078b580000)
  from space 9728K, 99% used [0x000000078b580000,0x000000078befbb08,0x000000078bf00000)
  to   space 10752K, 0% used [0x0000000793380000,0x0000000793380000,0x0000000793e00000)
 ParOldGen       total 64512K, used 6571K [0x0000000701e00000, 0x0000000705d00000, 0x0000000780a00000)
  object space 64512K, 10% used [0x0000000701e00000,0x000000070246aed8,0x0000000705d00000)
 Metaspace       used 32575K, capacity 35444K, committed 35496K, reserved 1079296K
  class space    used 4378K, capacity 4850K, committed 4864K, reserved 1048576K
Event: 5.930 GC heap after
Heap after GC invocations=9 (full 2):
 PSYoungGen      total 185344K, used 0K [0x0000000780a00000, 0x0000000793e00000, 0x00000007c0000000)
  eden space 175616K, 0% used [0x0000000780a00000,0x0000000780a00000,0x000000078b580000)
  from space 9728K, 0% used [0x000000078b580000,0x000000078b580000,0x000000078bf00000)
  to   space 10752K, 0% used [0x0000000793380000,0x0000000793380000,0x0000000793e00000)
 ParOldGen       total 97280K, used 15313K [0x0000000701e00000, 0x0000000707d00000, 0x0000000780a00000)
  object space 97280K, 15% used [0x0000000701e00000,0x0000000702cf4488,0x0000000707d00000)
 Metaspace       used 32573K, capacity 35442K, committed 35496K, reserved 1079296K
  class space    used 4377K, capacity 4849K, committed 4864K, reserved 1048576K
}
Event: 8.713 GC heap before
{Heap before GC invocations=10 (full 2):
 PSYoungGen      total 185344K, used 175616K [0x0000000780a00000, 0x0000000793e00000, 0x00000007c0000000)
  eden space 175616K, 100% used [0x0000000780a00000,0x000000078b580000,0x000000078b580000)
  from space 9728K, 0% used [0x000000078b580000,0x000000078b580000,0x000000078bf00000)
  to   space 10752K, 0% used [0x0000000793380000,0x0000000793380000,0x0000000793e00000)
 ParOldGen       total 97280K, used 15313K [0x0000000701e00000, 0x0000000707d00000, 0x0000000780a00000)
  object space 97280K, 15% used [0x0000000701e00000,0x0000000702cf4488,0x0000000707d00000)
 Metaspace       used 42170K, capacity 45252K, committed 45440K, reserved 1089536K
  class space    used 5757K, capacity 6247K, committed 6272K, reserved 1048576K
Event: 8.734 GC heap after
Heap after GC invocations=10 (full 2):
 PSYoungGen      total 281088K, used 10735K [0x0000000780a00000, 0x0000000793e00000, 0x00000007c0000000)
  eden space 270336K, 0% used [0x0000000780a00000,0x0000000780a00000,0x0000000791200000)
  from space 10752K, 99% used [0x0000000793380000,0x0000000793dfbf48,0x0000000793e00000)
  to   space 13824K, 0% used [0x0000000792300000,0x0000000792300000,0x0000000793080000)
 ParOldGen       total 97280K, used 20080K [0x0000000701e00000, 0x0000000707d00000, 0x0000000780a00000)
  object space 97280K, 20% used [0x0000000701e00000,0x000000070319c030,0x0000000707d00000)
 Metaspace       used 42170K, capacity 45252K, committed 45440K, reserved 1089536K
  class space    used 5757K, capacity 6247K, committed 6272K, reserved 1048576K
}
Event: 13.604 GC heap before
{Heap before GC invocations=11 (full 2):
 PSYoungGen      total 281088K, used 281071K [0x0000000780a00000, 0x0000000793e00000, 0x00000007c0000000)
  eden space 270336K, 100% used [0x0000000780a00000,0x0000000791200000,0x0000000791200000)
  from space 10752K, 99% used [0x0000000793380000,0x0000000793dfbf48,0x0000000793e00000)
  to   space 13824K, 0% used [0x0000000792300000,0x0000000792300000,0x0000000793080000)
 ParOldGen       total 97280K, used 20080K [0x0000000701e00000, 0x0000000707d00000, 0x0000000780a00000)
  object space 97280K, 20% used [0x0000000701e00000,0x000000070319c030,0x0000000707d00000)
 Metaspace       used 51448K, capacity 55280K, committed 55552K, reserved 1097728K
  class space    used 7057K, capacity 7665K, committed 7680K, reserved 1048576K
Event: 13.625 GC heap after
Heap after GC invocations=11 (full 2):
 PSYoungGen      total 301568K, used 13817K [0x0000000780a00000, 0x0000000799800000, 0x00000007c0000000)
  eden space 287744K, 0% used [0x0000000780a00000,0x0000000780a00000,0x0000000792300000)
  from space 13824K, 99% used [0x0000000792300000,0x000000079307e710,0x0000000793080000)
  to   space 29696K, 0% used [0x0000000797b00000,0x0000000797b00000,0x0000000799800000)
 ParOldGen       total 97280K, used 56055K [0x0000000701e00000, 0x0000000707d00000, 0x0000000780a00000)
  object space 97280K, 57% used [0x0000000701e00000,0x00000007054bdc18,0x0000000707d00000)
 Metaspace       used 51448K, capacity 55280K, committed 55552K, reserved 1097728K
  class space    used 7057K, capacity 7665K, committed 7680K, reserved 1048576K
}

