# JRE version: Java(TM) SE Runtime Environment (8.0_31-b13) (build 1.8.0_31-b13)
# Java VM: Java HotSpot(TM) 64-Bit Server VM (25.31-b07 mixed mode windows-amd64 compressed oops)
Heap:
 PSYoungGen      total 408064K, used 309474K [0x0000000780a00000, 0x000000079c700000, 0x00000007c0000000)
  eden space 388096K, 74% used [0x0000000780a00000,0x00000007924b8c80,0x0000000798500000)
  from space 19968K, 99% used [0x000000079a600000,0x000000079b97fdb0,0x000000079b980000)
  to   space 33792K, 0% used [0x0000000798500000,0x0000000798500000,0x000000079a600000)
 ParOldGen       total 184320K, used 58734K [0x0000000701e00000, 0x000000070d200000, 0x0000000780a00000)
  object space 184320K, 31% used [0x0000000701e00000,0x000000070575b8d8,0x000000070d200000)
 Metaspace       used 69718K, capacity 74434K, committed 74624K, reserved 1114112K
  class space    used 9061K, capacity 9820K, committed 9856K, reserved 1048576K
GC Heap History (10 events):
Event: 12.283 GC heap before
{Heap before GC invocations=9 (full 2):
 PSYoungGen      total 248832K, used 236544K [0x0000000780a00000, 0x0000000796000000, 0x00000007c0000000)
  eden space 236544K, 100% used [0x0000000780a00000,0x000000078f100000,0x000000078f100000)
  from space 12288K, 0% used [0x000000078fd00000,0x000000078fd00000,0x0000000790900000)
  to   space 12288K, 0% used [0x000000078f100000,0x000000078f100000,0x000000078fd00000)
 ParOldGen       total 122880K, used 11653K [0x0000000701e00000, 0x0000000709600000, 0x0000000780a00000)
  object space 122880K, 9% used [0x0000000701e00000,0x00000007029616a8,0x0000000709600000)
 Metaspace       used 44225K, capacity 47148K, committed 47360K, reserved 1089536K
  class space    used 5785K, capacity 6288K, committed 6400K, reserved 1048576K
Event: 12.296 GC heap after
Heap after GC invocations=9 (full 2):
 PSYoungGen      total 248832K, used 12278K [0x0000000780a00000, 0x0000000796b80000, 0x00000007c0000000)
  eden space 236544K, 0% used [0x0000000780a00000,0x0000000780a00000,0x000000078f100000)
  from space 12288K, 99% used [0x000000078f100000,0x000000078fcfda28,0x000000078fd00000)
  to   space 14336K, 0% used [0x0000000795d80000,0x0000000795d80000,0x0000000796b80000)
 ParOldGen       total 122880K, used 13126K [0x0000000701e00000, 0x0000000709600000, 0x0000000780a00000)
  object space 122880K, 10% used [0x0000000701e00000,0x0000000702ad1a00,0x0000000709600000)
 Metaspace       used 44225K, capacity 47148K, committed 47360K, reserved 1089536K
  class space    used 5785K, capacity 6288K, committed 6400K, reserved 1048576K
}
Event: 14.680 GC heap before
{Heap before GC invocations=10 (full 2):
 PSYoungGen      total 248832K, used 248822K [0x0000000780a00000, 0x0000000796b80000, 0x00000007c0000000)
  eden space 236544K, 100% used [0x0000000780a00000,0x000000078f100000,0x000000078f100000)
  from space 12288K, 99% used [0x000000078f100000,0x000000078fcfda28,0x000000078fd00000)
  to   space 14336K, 0% used [0x0000000795d80000,0x0000000795d80000,0x0000000796b80000)
 ParOldGen       total 122880K, used 13126K [0x0000000701e00000, 0x0000000709600000, 0x0000000780a00000)
  object space 122880K, 10% used [0x0000000701e00000,0x0000000702ad1a00,0x0000000709600000)
 Metaspace       used 48562K, capacity 52218K, committed 52480K, reserved 1095680K
  class space    used 6438K, capacity 7043K, committed 7168K, reserved 1048576K
Event: 14.706 GC heap after
Heap after GC invocations=10 (full 2):
 PSYoungGen      total 344064K, used 14335K [0x0000000780a00000, 0x0000000796c00000, 0x00000007c0000000)
  eden space 329728K, 0% used [0x0000000780a00000,0x0000000780a00000,0x0000000794c00000)
  from space 14336K, 99% used [0x0000000795d80000,0x0000000796b7fda8,0x0000000796b80000)
  to   space 16384K, 0% used [0x0000000794c00000,0x0000000794c00000,0x0000000795c00000)
 ParOldGen       total 122880K, used 13414K [0x0000000701e00000, 0x0000000709600000, 0x0000000780a00000)
  object space 122880K, 10% used [0x0000000701e00000,0x0000000702b19b28,0x0000000709600000)
 Metaspace       used 48562K, capacity 52218K, committed 52480K, reserved 1095680K
  class space    used 6438K, capacity 7043K, committed 7168K, reserved 1048576K
}
Event: 17.649 GC heap before
{Heap before GC invocations=11 (full 2):
 PSYoungGen      total 344064K, used 238251K [0x0000000780a00000, 0x0000000796c00000, 0x00000007c0000000)
  eden space 329728K, 67% used [0x0000000780a00000,0x000000078e4aaea0,0x0000000794c00000)
  from space 14336K, 99% used [0x0000000795d80000,0x0000000796b7fda8,0x0000000796b80000)
  to   space 16384K, 0% used [0x0000000794c00000,0x0000000794c00000,0x0000000795c00000)
 ParOldGen       total 122880K, used 13414K [0x0000000701e00000, 0x0000000709600000, 0x0000000780a00000)
  object space 122880K, 10% used [0x0000000701e00000,0x0000000702b19b28,0x0000000709600000)
 Metaspace       used 55026K, capacity 58946K, committed 59160K, reserved 1099776K
  class space    used 7434K, capacity 8044K, committed 8064K, reserved 1048576K
Event: 17.669 GC heap after
Heap after GC invocations=11 (full 2):
 PSYoungGen      total 346112K, used 16372K [0x0000000780a00000, 0x000000079b980000, 0x00000007c0000000)
  eden space 329728K, 0% used [0x0000000780a00000,0x0000000780a00000,0x0000000794c00000)
  from space 16384K, 99% used [0x0000000794c00000,0x0000000795bfd220,0x0000000795c00000)
  to   space 19968K, 0% used [0x000000079a600000,0x000000079a600000,0x000000079b980000)
 ParOldGen       total 122880K, used 17492K [0x0000000701e00000, 0x0000000709600000, 0x0000000780a00000)
  object space 122880K, 14% used [0x0000000701e00000,0x0000000702f152d0,0x0000000709600000)
 Metaspace       used 55026K, capacity 58946K, committed 59160K, reserved 1099776K
  class space    used 7434K, capacity 8044K, committed 8064K, reserved 1048576K
}
Event: 17.669 GC heap before
{Heap before GC invocations=12 (full 3):
 PSYoungGen      total 346112K, used 16372K [0x0000000780a00000, 0x000000079b980000, 0x00000007c0000000)
  eden space 329728K, 0% used [0x0000000780a00000,0x0000000780a00000,0x0000000794c00000)
  from space 16384K, 99% used [0x0000000794c00000,0x0000000795bfd220,0x0000000795c00000)
  to   space 19968K, 0% used [0x000000079a600000,0x000000079a600000,0x000000079b980000)
 ParOldGen       total 122880K, used 17492K [0x0000000701e00000, 0x0000000709600000, 0x0000000780a00000)
  object space 122880K, 14% used [0x0000000701e00000,0x0000000702f152d0,0x0000000709600000)
 Metaspace       used 55026K, capacity 58946K, committed 59160K, reserved 1099776K
  class space    used 7434K, capacity 8044K, committed 8064K, reserved 1048576K
Event: 17.894 GC heap after
Heap after GC invocations=12 (full 3):
 PSYoungGen      total 346112K, used 0K [0x0000000780a00000, 0x000000079b980000, 0x00000007c0000000)
  eden space 329728K, 0% used [0x0000000780a00000,0x0000000780a00000,0x0000000794c00000)
  from space 16384K, 0% used [0x0000000794c00000,0x0000000794c00000,0x0000000795c00000)
  to   space 19968K, 0% used [0x000000079a600000,0x000000079a600000,0x000000079b980000)
 ParOldGen       total 184320K, used 29230K [0x0000000701e00000, 0x000000070d200000, 0x0000000780a00000)
  object space 184320K, 15% used [0x0000000701e00000,0x0000000703a8b938,0x000000070d200000)
 Metaspace       used 55024K, capacity 58944K, committed 59160K, reserved 1099776K
  class space    used 7433K, capacity 8043K, committed 8064K, reserved 1048576K
}
Event: 35.292 GC heap before
{Heap before GC invocations=13 (full 3):
 PSYoungGen      total 346112K, used 329728K [0x0000000780a00000, 0x000000079b980000, 0x00000007c0000000)
  eden space 329728K, 100% used [0x0000000780a00000,0x0000000794c00000,0x0000000794c00000)
  from space 16384K, 0% used [0x0000000794c00000,0x0000000794c00000,0x0000000795c00000)
  to   space 19968K, 0% used [0x000000079a600000,0x000000079a600000,0x000000079b980000)
 ParOldGen       total 184320K, used 29230K [0x0000000701e00000, 0x000000070d200000, 0x0000000780a00000)
  object space 184320K, 15% used [0x0000000701e00000,0x0000000703a8b938,0x000000070d200000)
 Metaspace       used 64553K, capacity 69126K, committed 69376K, reserved 1110016K
  class space    used 8714K, capacity 9444K, committed 9472K, reserved 1048576K
Event: 35.306 GC heap after
Heap after GC invocations=13 (full 3):
 PSYoungGen      total 408064K, used 19967K [0x0000000780a00000, 0x000000079c700000, 0x00000007c0000000)
  eden space 388096K, 0% used [0x0000000780a00000,0x0000000780a00000,0x0000000798500000)
  from space 19968K, 99% used [0x000000079a600000,0x000000079b97fdb0,0x000000079b980000)
  to   space 33792K, 0% used [0x0000000798500000,0x0000000798500000,0x000000079a600000)
 ParOldGen       total 184320K, used 58734K [0x0000000701e00000, 0x000000070d200000, 0x0000000780a00000)
  object space 184320K, 31% used [0x0000000701e00000,0x000000070575b8d8,0x000000070d200000)
 Metaspace       used 64553K, capacity 69126K, committed 69376K, reserved 1110016K
  class space    used 8714K, capacity 9444K, committed 9472K, reserved 1048576K
}

